2023-08-04T04:43:57.680Z - error ==> jwt expired, description==>TokenExpiredError: jwt expired
    at /home/cedcoss/Syed/node/ced-dev-server/node_modules/jsonwebtoken/verify.js:190:21
    at getSecret (/home/cedcoss/Syed/node/ced-dev-server/node_modules/jsonwebtoken/verify.js:97:14)
    at module.exports [as verify] (/home/cedcoss/Syed/node/ced-dev-server/node_modules/jsonwebtoken/verify.js:101:10)
    at verifyJWT (file:///home/cedcoss/Syed/node/ced-dev-server/src/services/jwt.js:13:20)
    at auth (file:///home/cedcoss/Syed/node/ced-dev-server/src/middleware/auth.js:9:27)
    at Layer.handle [as handle_request] (/home/cedcoss/Syed/node/ced-dev-server/node_modules/express/lib/router/layer.js:95:5)
    at next (/home/cedcoss/Syed/node/ced-dev-server/node_modules/express/lib/router/route.js:144:13)
    at Route.dispatch (/home/cedcoss/Syed/node/ced-dev-server/node_modules/express/lib/router/route.js:114:3)
    at Layer.handle [as handle_request] (/home/cedcoss/Syed/node/ced-dev-server/node_modules/express/lib/router/layer.js:95:5)
    at /home/cedcoss/Syed/node/ced-dev-server/node_modules/express/lib/router/index.js:284:15

2023-08-04T04:44:39.495Z - error ==> jwt expired, description==>TokenExpiredError: jwt expired
    at /home/cedcoss/Syed/node/ced-dev-server/node_modules/jsonwebtoken/verify.js:190:21
    at getSecret (/home/cedcoss/Syed/node/ced-dev-server/node_modules/jsonwebtoken/verify.js:97:14)
    at module.exports [as verify] (/home/cedcoss/Syed/node/ced-dev-server/node_modules/jsonwebtoken/verify.js:101:10)
    at verifyJWT (file:///home/cedcoss/Syed/node/ced-dev-server/src/services/jwt.js:13:20)
    at auth (file:///home/cedcoss/Syed/node/ced-dev-server/src/middleware/auth.js:9:27)
    at Layer.handle [as handle_request] (/home/cedcoss/Syed/node/ced-dev-server/node_modules/express/lib/router/layer.js:95:5)
    at next (/home/cedcoss/Syed/node/ced-dev-server/node_modules/express/lib/router/route.js:144:13)
    at Route.dispatch (/home/cedcoss/Syed/node/ced-dev-server/node_modules/express/lib/router/route.js:114:3)
    at Layer.handle [as handle_request] (/home/cedcoss/Syed/node/ced-dev-server/node_modules/express/lib/router/layer.js:95:5)
    at /home/cedcoss/Syed/node/ced-dev-server/node_modules/express/lib/router/index.js:284:15

2023-08-04T04:44:41.329Z - error ==> jwt expired, description==>TokenExpiredError: jwt expired
    at /home/cedcoss/Syed/node/ced-dev-server/node_modules/jsonwebtoken/verify.js:190:21
    at getSecret (/home/cedcoss/Syed/node/ced-dev-server/node_modules/jsonwebtoken/verify.js:97:14)
    at module.exports [as verify] (/home/cedcoss/Syed/node/ced-dev-server/node_modules/jsonwebtoken/verify.js:101:10)
    at verifyJWT (file:///home/cedcoss/Syed/node/ced-dev-server/src/services/jwt.js:13:20)
    at auth (file:///home/cedcoss/Syed/node/ced-dev-server/src/middleware/auth.js:9:27)
    at Layer.handle [as handle_request] (/home/cedcoss/Syed/node/ced-dev-server/node_modules/express/lib/router/layer.js:95:5)
    at next (/home/cedcoss/Syed/node/ced-dev-server/node_modules/express/lib/router/route.js:144:13)
    at Route.dispatch (/home/cedcoss/Syed/node/ced-dev-server/node_modules/express/lib/router/route.js:114:3)
    at Layer.handle [as handle_request] (/home/cedcoss/Syed/node/ced-dev-server/node_modules/express/lib/router/layer.js:95:5)
    at /home/cedcoss/Syed/node/ced-dev-server/node_modules/express/lib/router/index.js:284:15

2023-08-04T08:54:23.489Z - error ==> object is not iterable (cannot read property Symbol(Symbol.iterator)), description==>TypeError: object is not iterable (cannot read property Symbol(Symbol.iterator))
    at webhookProductUpdated (file:///home/cedcoss/Syed/node/ced-dev-server/src/utils/bigcom-helper.js:193:25)
    at process.processTicksAndRejections (node:internal/process/task_queues:95:5)

2023-08-04T08:54:24.572Z - error ==> object is not iterable (cannot read property Symbol(Symbol.iterator)), description==>TypeError: object is not iterable (cannot read property Symbol(Symbol.iterator))
    at webhookProductUpdated (file:///home/cedcoss/Syed/node/ced-dev-server/src/utils/bigcom-helper.js:193:25)
    at process.processTicksAndRejections (node:internal/process/task_queues:95:5)

2023-08-04T09:00:00.775Z - error ==> Invalid update pipeline operator: "user_id", description==>MongooseError: Invalid update pipeline operator: "user_id"
    at castPipelineOperator (/home/cedcoss/Syed/node/ced-dev-server/node_modules/mongoose/lib/helpers/query/castUpdate.js:146:9)
    at castUpdate (/home/cedcoss/Syed/node/ced-dev-server/node_modules/mongoose/lib/helpers/query/castUpdate.js:40:22)
    at model.Query._castUpdate (/home/cedcoss/Syed/node/ced-dev-server/node_modules/mongoose/lib/query.js:4700:10)
    at model.Query._updateThunk (/home/cedcoss/Syed/node/ced-dev-server/node_modules/mongoose/lib/query.js:3867:25)
    at model.Query._updateMany (/home/cedcoss/Syed/node/ced-dev-server/node_modules/mongoose/lib/query.js:3942:23)
    at model.Query.exec (/home/cedcoss/Syed/node/ced-dev-server/node_modules/mongoose/lib/query.js:4420:28)
    at process.processTicksAndRejections (node:internal/process/task_queues:95:5)
    at async webhookProductUpdated (file:///home/cedcoss/Syed/node/ced-dev-server/src/utils/bigcom-helper.js:214:5)

2023-08-04T09:01:01.528Z - error ==> Invalid update pipeline operator: "user_id", description==>MongooseError: Invalid update pipeline operator: "user_id"
    at castPipelineOperator (/home/cedcoss/Syed/node/ced-dev-server/node_modules/mongoose/lib/helpers/query/castUpdate.js:146:9)
    at castUpdate (/home/cedcoss/Syed/node/ced-dev-server/node_modules/mongoose/lib/helpers/query/castUpdate.js:40:22)
    at model.Query._castUpdate (/home/cedcoss/Syed/node/ced-dev-server/node_modules/mongoose/lib/query.js:4700:10)
    at model.Query._updateThunk (/home/cedcoss/Syed/node/ced-dev-server/node_modules/mongoose/lib/query.js:3867:25)
    at model.Query._updateMany (/home/cedcoss/Syed/node/ced-dev-server/node_modules/mongoose/lib/query.js:3942:23)
    at model.Query.exec (/home/cedcoss/Syed/node/ced-dev-server/node_modules/mongoose/lib/query.js:4420:28)
    at process.processTicksAndRejections (node:internal/process/task_queues:95:5)
    at async webhookProductUpdated (file:///home/cedcoss/Syed/node/ced-dev-server/src/utils/bigcom-helper.js:215:5)

2023-08-04T09:02:38.997Z - error ==> Invalid update pipeline operator: "user_id", description==>MongooseError: Invalid update pipeline operator: "user_id"
    at castPipelineOperator (/home/cedcoss/Syed/node/ced-dev-server/node_modules/mongoose/lib/helpers/query/castUpdate.js:146:9)
    at castUpdate (/home/cedcoss/Syed/node/ced-dev-server/node_modules/mongoose/lib/helpers/query/castUpdate.js:40:22)
    at model.Query._castUpdate (/home/cedcoss/Syed/node/ced-dev-server/node_modules/mongoose/lib/query.js:4700:10)
    at model.Query._updateThunk (/home/cedcoss/Syed/node/ced-dev-server/node_modules/mongoose/lib/query.js:3867:25)
    at model.Query._updateMany (/home/cedcoss/Syed/node/ced-dev-server/node_modules/mongoose/lib/query.js:3942:23)
    at model.Query.exec (/home/cedcoss/Syed/node/ced-dev-server/node_modules/mongoose/lib/query.js:4420:28)
    at process.processTicksAndRejections (node:internal/process/task_queues:95:5)
    at async webhookProductUpdated (file:///home/cedcoss/Syed/node/ced-dev-server/src/utils/bigcom-helper.js:215:5)

