2023-07-10T10:45:24.105Z - error ==> E11000 duplicate key error collection: ced_dev_db.users index: username_1 dup key: { username: "syedhasnain" }, description==>MongoServerError: E11000 duplicate key error collection: ced_dev_db.users index: username_1 dup key: { username: "syedhasnain" }
    at /home/cedcoss/Syed/node/node-server-setup-2.0/node_modules/mongodb/lib/operations/insert.js:53:33
    at /home/cedcoss/Syed/node/node-server-setup-2.0/node_modules/mongodb/lib/cmap/connection_pool.js:333:25
    at /home/cedcoss/Syed/node/node-server-setup-2.0/node_modules/mongodb/lib/sdam/server.js:210:17
    at handleOperationResult (/home/cedcoss/Syed/node/node-server-setup-2.0/node_modules/mongodb/lib/sdam/server.js:326:20)
    at Connection.onMessage (/home/cedcoss/Syed/node/node-server-setup-2.0/node_modules/mongodb/lib/cmap/connection.js:243:9)
    at MessageStream.<anonymous> (/home/cedcoss/Syed/node/node-server-setup-2.0/node_modules/mongodb/lib/cmap/connection.js:61:60)
    at MessageStream.emit (node:events:513:28)
    at processIncomingData (/home/cedcoss/Syed/node/node-server-setup-2.0/node_modules/mongodb/lib/cmap/message_stream.js:125:16)
    at MessageStream._write (/home/cedcoss/Syed/node/node-server-setup-2.0/node_modules/mongodb/lib/cmap/message_stream.js:33:9)
    at writeOrBuffer (node:internal/streams/writable:392:12)

2023-07-10T10:45:37.590Z - error ==> E11000 duplicate key error collection: ced_dev_db.users index: username_1 dup key: { username: "syedhasnain1" }, description==>MongoServerError: E11000 duplicate key error collection: ced_dev_db.users index: username_1 dup key: { username: "syedhasnain1" }
    at /home/cedcoss/Syed/node/node-server-setup-2.0/node_modules/mongodb/lib/operations/insert.js:53:33
    at /home/cedcoss/Syed/node/node-server-setup-2.0/node_modules/mongodb/lib/cmap/connection_pool.js:333:25
    at /home/cedcoss/Syed/node/node-server-setup-2.0/node_modules/mongodb/lib/sdam/server.js:210:17
    at handleOperationResult (/home/cedcoss/Syed/node/node-server-setup-2.0/node_modules/mongodb/lib/sdam/server.js:326:20)
    at Connection.onMessage (/home/cedcoss/Syed/node/node-server-setup-2.0/node_modules/mongodb/lib/cmap/connection.js:243:9)
    at MessageStream.<anonymous> (/home/cedcoss/Syed/node/node-server-setup-2.0/node_modules/mongodb/lib/cmap/connection.js:61:60)
    at MessageStream.emit (node:events:513:28)
    at processIncomingData (/home/cedcoss/Syed/node/node-server-setup-2.0/node_modules/mongodb/lib/cmap/message_stream.js:125:16)
    at MessageStream._write (/home/cedcoss/Syed/node/node-server-setup-2.0/node_modules/mongodb/lib/cmap/message_stream.js:33:9)
    at writeOrBuffer (node:internal/streams/writable:392:12)

