2023-07-18T08:57:19.637Z - error ==> Input buffers must have the same byte length, description==>RangeError: Input buffers must have the same byte length
    at verifyPassword (file:///home/cedcoss/Syed/node/ced-dev-server/src/services/hash.js:21:10)
    at async login (file:///home/cedcoss/Syed/node/ced-dev-server/src/controllers/authController.js:76:21)

2023-07-18T08:57:21.143Z - error ==> Input buffers must have the same byte length, description==>RangeError: Input buffers must have the same byte length
    at verifyPassword (file:///home/cedcoss/Syed/node/ced-dev-server/src/services/hash.js:21:10)
    at async login (file:///home/cedcoss/Syed/node/ced-dev-server/src/controllers/authController.js:76:21)

2023-07-18T08:57:47.611Z - error ==> Input buffers must have the same byte length, description==>RangeError: Input buffers must have the same byte length
    at verifyPassword (file:///home/cedcoss/Syed/node/ced-dev-server/src/services/hash.js:21:10)
    at async login (file:///home/cedcoss/Syed/node/ced-dev-server/src/controllers/authController.js:76:21)

2023-07-18T08:57:48.541Z - error ==> Input buffers must have the same byte length, description==>RangeError: Input buffers must have the same byte length
    at verifyPassword (file:///home/cedcoss/Syed/node/ced-dev-server/src/services/hash.js:21:10)
    at async login (file:///home/cedcoss/Syed/node/ced-dev-server/src/controllers/authController.js:76:21)

2023-07-18T08:58:03.286Z - error ==> Input buffers must have the same byte length, description==>RangeError: Input buffers must have the same byte length
    at verifyPassword (file:///home/cedcoss/Syed/node/ced-dev-server/src/services/hash.js:21:10)
    at async login (file:///home/cedcoss/Syed/node/ced-dev-server/src/controllers/authController.js:76:21)

2023-07-18T08:58:04.559Z - error ==> Input buffers must have the same byte length, description==>RangeError: Input buffers must have the same byte length
    at verifyPassword (file:///home/cedcoss/Syed/node/ced-dev-server/src/services/hash.js:21:10)
    at async login (file:///home/cedcoss/Syed/node/ced-dev-server/src/controllers/authController.js:76:21)

2023-07-18T08:58:10.758Z - error ==> Input buffers must have the same byte length, description==>RangeError: Input buffers must have the same byte length
    at verifyPassword (file:///home/cedcoss/Syed/node/ced-dev-server/src/services/hash.js:21:10)
    at async login (file:///home/cedcoss/Syed/node/ced-dev-server/src/controllers/authController.js:76:21)

2023-07-18T09:01:12.322Z - error ==> jwt must be provided, description==>JsonWebTokenError: jwt must be provided
    at module.exports [as verify] (/home/cedcoss/Syed/node/ced-dev-server/node_modules/jsonwebtoken/verify.js:60:17)
    at verifyJWT (file:///home/cedcoss/Syed/node/ced-dev-server/src/services/jwt.js:13:20)
    at auth (file:///home/cedcoss/Syed/node/ced-dev-server/src/middleware/auth.js:8:27)
    at Layer.handle [as handle_request] (/home/cedcoss/Syed/node/ced-dev-server/node_modules/express/lib/router/layer.js:95:5)
    at next (/home/cedcoss/Syed/node/ced-dev-server/node_modules/express/lib/router/route.js:144:13)
    at Route.dispatch (/home/cedcoss/Syed/node/ced-dev-server/node_modules/express/lib/router/route.js:114:3)
    at Layer.handle [as handle_request] (/home/cedcoss/Syed/node/ced-dev-server/node_modules/express/lib/router/layer.js:95:5)
    at /home/cedcoss/Syed/node/ced-dev-server/node_modules/express/lib/router/index.js:284:15
    at Function.process_params (/home/cedcoss/Syed/node/ced-dev-server/node_modules/express/lib/router/index.js:346:12)
    at next (/home/cedcoss/Syed/node/ced-dev-server/node_modules/express/lib/router/index.js:280:10)

