2023-08-02T10:48:31.043Z - error ==> jwt expired, description==>TokenExpiredError: jwt expired
    at /home/cedcoss/Syed/node/ced-dev-server/node_modules/jsonwebtoken/verify.js:190:21
    at getSecret (/home/cedcoss/Syed/node/ced-dev-server/node_modules/jsonwebtoken/verify.js:97:14)
    at module.exports [as verify] (/home/cedcoss/Syed/node/ced-dev-server/node_modules/jsonwebtoken/verify.js:101:10)
    at verifyJWT (file:///home/cedcoss/Syed/node/ced-dev-server/src/services/jwt.js:13:20)
    at auth (file:///home/cedcoss/Syed/node/ced-dev-server/src/middleware/auth.js:8:27)
    at Layer.handle [as handle_request] (/home/cedcoss/Syed/node/ced-dev-server/node_modules/express/lib/router/layer.js:95:5)
    at next (/home/cedcoss/Syed/node/ced-dev-server/node_modules/express/lib/router/route.js:144:13)
    at Route.dispatch (/home/cedcoss/Syed/node/ced-dev-server/node_modules/express/lib/router/route.js:114:3)
    at Layer.handle [as handle_request] (/home/cedcoss/Syed/node/ced-dev-server/node_modules/express/lib/router/layer.js:95:5)
    at /home/cedcoss/Syed/node/ced-dev-server/node_modules/express/lib/router/index.js:284:15

2023-08-02T10:52:47.900Z - error ==> jwt expired, description==>TokenExpiredError: jwt expired
    at /home/cedcoss/Syed/node/ced-dev-server/node_modules/jsonwebtoken/verify.js:190:21
    at getSecret (/home/cedcoss/Syed/node/ced-dev-server/node_modules/jsonwebtoken/verify.js:97:14)
    at module.exports [as verify] (/home/cedcoss/Syed/node/ced-dev-server/node_modules/jsonwebtoken/verify.js:101:10)
    at verifyJWT (file:///home/cedcoss/Syed/node/ced-dev-server/src/services/jwt.js:13:20)
    at auth (file:///home/cedcoss/Syed/node/ced-dev-server/src/middleware/auth.js:8:27)
    at Layer.handle [as handle_request] (/home/cedcoss/Syed/node/ced-dev-server/node_modules/express/lib/router/layer.js:95:5)
    at next (/home/cedcoss/Syed/node/ced-dev-server/node_modules/express/lib/router/route.js:144:13)
    at Route.dispatch (/home/cedcoss/Syed/node/ced-dev-server/node_modules/express/lib/router/route.js:114:3)
    at Layer.handle [as handle_request] (/home/cedcoss/Syed/node/ced-dev-server/node_modules/express/lib/router/layer.js:95:5)
    at /home/cedcoss/Syed/node/ced-dev-server/node_modules/express/lib/router/index.js:284:15

2023-08-02T10:52:59.612Z - error ==> jwt expired, description==>TokenExpiredError: jwt expired
    at /home/cedcoss/Syed/node/ced-dev-server/node_modules/jsonwebtoken/verify.js:190:21
    at getSecret (/home/cedcoss/Syed/node/ced-dev-server/node_modules/jsonwebtoken/verify.js:97:14)
    at module.exports [as verify] (/home/cedcoss/Syed/node/ced-dev-server/node_modules/jsonwebtoken/verify.js:101:10)
    at verifyJWT (file:///home/cedcoss/Syed/node/ced-dev-server/src/services/jwt.js:13:20)
    at auth (file:///home/cedcoss/Syed/node/ced-dev-server/src/middleware/auth.js:8:27)
    at Layer.handle [as handle_request] (/home/cedcoss/Syed/node/ced-dev-server/node_modules/express/lib/router/layer.js:95:5)
    at next (/home/cedcoss/Syed/node/ced-dev-server/node_modules/express/lib/router/route.js:144:13)
    at Route.dispatch (/home/cedcoss/Syed/node/ced-dev-server/node_modules/express/lib/router/route.js:114:3)
    at Layer.handle [as handle_request] (/home/cedcoss/Syed/node/ced-dev-server/node_modules/express/lib/router/layer.js:95:5)
    at /home/cedcoss/Syed/node/ced-dev-server/node_modules/express/lib/router/index.js:284:15

2023-08-02T10:56:46.262Z - error ==> Cannot read properties of undefined (reading 'store_hash'), description==>TypeError: Cannot read properties of undefined (reading 'store_hash')
    at importer (file:///home/cedcoss/Syed/node/ced-dev-server/src/controllers/bigcomController.js:84:21)
    at process.processTicksAndRejections (node:internal/process/task_queues:95:5)

